2018-09-13 12:38:23 INFO  JavaRushTasksProjectComponent.projectOpened(68) - ---------- Project JavaRushTasks opened ----------
2018-09-13 12:38:23 INFO  JavaRushTasksProjectComponent.projectOpened(69) - ---------- Version 3.21 ----------

2018-09-13 12:38:23 INFO  JavaRushTasksProjectComponent.setAutoscrolls(343) - Autoscrolls успешно установлены
2018-09-13 12:38:24 INFO  ApacheHttpClient.login(228) - Ожидание ответа сервера.
2018-09-13 12:38:24 INFO  ApacheHttpClient.login(228) - Ожидание ответа сервера.
2018-09-13 12:38:24 INFO  ApacheHttpClient.login(232) - responseCode = 200
2018-09-13 12:38:24 INFO  ApacheHttpClient.login(263) - JSESSIONID OK
2018-09-13 12:38:24 INFO  ApacheHttpClient.refreshUserInfo(291) - responseCode = 200
2018-09-13 12:38:24 INFO  ApacheHttpClient.refreshUserInfo(297) - Информация о пользователе получена.
2018-09-13 12:38:24 INFO  ApacheHttpClient.startGA(31) - GAService запущен.
2018-09-13 12:38:24 INFO  AbstractRestApiClient.startService(70) - EventsService запущен.
2018-09-13 12:39:16 INFO  ApacheHttpClient.getWebResourceAsStream(437) - responseCode = 200
2018-09-13 12:39:16 INFO  ApacheHttpClient.getFilteredTasks(324) - responseCode = 200
2018-09-13 12:39:24 INFO  ApacheHttpClient.sendEvent(470) - responseCode = 200
2018-09-13 12:39:28 INFO  ApacheHttpClient.getFilteredTasks(324) - responseCode = 200
2018-09-13 12:39:38 INFO  ApacheHttpClient.getTaskTemplateInfo(341) - responseCode = 200
2018-09-13 12:39:45 INFO  ApacheHttpClient.testConnection(187) - responseCode = 200
2018-09-13 12:39:45 INFO  ApacheHttpClient.testConnection(198) - result = true
2018-09-13 12:39:45 INFO  ApacheHttpClient.testConnection(187) - responseCode = 200
2018-09-13 12:39:45 INFO  ApacheHttpClient.testConnection(198) - result = true
2018-09-13 12:39:46 INFO  ApacheHttpClient.getWebResourceAsStream(437) - responseCode = 200
2018-09-13 12:40:24 INFO  ApacheHttpClient.sendEvent(470) - responseCode = 200
2018-09-13 12:41:24 INFO  ApacheHttpClient.sendEvent(470) - responseCode = 200
2018-09-13 12:41:52 INFO  ApacheHttpClient.testConnection(187) - responseCode = 200
2018-09-13 12:41:52 INFO  ApacheHttpClient.testConnection(198) - result = true
2018-09-13 12:42:24 INFO  ApacheHttpClient.sendEvent(470) - responseCode = 200
2018-09-13 12:43:24 INFO  ApacheHttpClient.sendEvent(470) - responseCode = 200
2018-09-13 12:44:24 INFO  ApacheHttpClient.sendEvent(470) - responseCode = 200
2018-09-13 12:45:24 INFO  ApacheHttpClient.sendEvent(470) - responseCode = 200
2018-09-13 12:46:24 INFO  ApacheHttpClient.sendEvent(470) - responseCode = 200
2018-09-13 12:47:24 INFO  ApacheHttpClient.sendEvent(470) - responseCode = 200
2018-09-13 12:48:24 INFO  ApacheHttpClient.sendEvent(470) - responseCode = 200
2018-09-13 12:49:24 INFO  ApacheHttpClient.sendEvent(470) - responseCode = 200
2018-09-13 12:50:24 INFO  ApacheHttpClient.sendEvent(470) - responseCode = 200
2018-09-13 12:50:24 INFO  ApacheHttpClient.sendEvent(470) - responseCode = 200
2018-09-13 12:51:24 INFO  ApacheHttpClient.sendEvent(470) - responseCode = 200
2018-09-13 12:51:24 INFO  ApacheHttpClient.sendEvent(470) - responseCode = 200
2018-09-13 12:52:24 INFO  ApacheHttpClient.sendEvent(470) - responseCode = 200
2018-09-13 12:52:24 INFO  ApacheHttpClient.sendEvent(470) - responseCode = 200
2018-09-13 12:53:24 INFO  ApacheHttpClient.sendEvent(470) - responseCode = 200
2018-09-13 12:53:24 INFO  ApacheHttpClient.sendEvent(470) - responseCode = 200
2018-09-13 12:54:24 INFO  ApacheHttpClient.sendEvent(470) - responseCode = 200
2018-09-13 12:54:24 INFO  ApacheHttpClient.sendEvent(470) - responseCode = 200
2018-09-13 12:55:24 INFO  ApacheHttpClient.sendEvent(470) - responseCode = 200
2018-09-13 12:55:24 INFO  ApacheHttpClient.sendEvent(470) - responseCode = 200
2018-09-13 12:56:24 INFO  ApacheHttpClient.sendEvent(470) - responseCode = 200
2018-09-13 12:56:25 INFO  ApacheHttpClient.sendEvent(470) - responseCode = 200
2018-09-13 12:57:24 INFO  ApacheHttpClient.sendEvent(470) - responseCode = 200
2018-09-13 12:57:24 INFO  ApacheHttpClient.sendEvent(470) - responseCode = 200
2018-09-13 12:58:24 INFO  ApacheHttpClient.sendEvent(470) - responseCode = 200
2018-09-13 12:58:24 INFO  ApacheHttpClient.sendEvent(470) - responseCode = 200
2018-09-13 12:59:24 INFO  ApacheHttpClient.sendEvent(470) - responseCode = 200
2018-09-13 12:59:24 INFO  ApacheHttpClient.sendEvent(470) - responseCode = 200
2018-09-13 13:00:24 INFO  ApacheHttpClient.sendEvent(470) - responseCode = 200
2018-09-13 13:00:24 INFO  ApacheHttpClient.sendEvent(470) - responseCode = 200
2018-09-13 13:01:24 INFO  ApacheHttpClient.sendEvent(470) - responseCode = 200
2018-09-13 13:01:24 INFO  ApacheHttpClient.sendEvent(470) - responseCode = 200
2018-09-13 13:02:24 INFO  ApacheHttpClient.sendEvent(470) - responseCode = 200
2018-09-13 13:02:24 INFO  ApacheHttpClient.sendEvent(470) - responseCode = 200
2018-09-13 13:03:24 INFO  ApacheHttpClient.sendEvent(470) - responseCode = 200
2018-09-13 13:03:24 INFO  ApacheHttpClient.sendEvent(470) - responseCode = 200
2018-09-13 13:04:24 INFO  ApacheHttpClient.sendEvent(470) - responseCode = 200
2018-09-13 13:04:24 INFO  ApacheHttpClient.sendEvent(470) - responseCode = 200
2018-09-13 13:05:24 INFO  ApacheHttpClient.sendEvent(470) - responseCode = 200
2018-09-13 13:05:24 INFO  ApacheHttpClient.sendEvent(470) - responseCode = 200
2018-09-13 13:06:24 INFO  ApacheHttpClient.sendEvent(470) - responseCode = 200
2018-09-13 13:06:24 INFO  ApacheHttpClient.sendEvent(470) - responseCode = 200
2018-09-13 13:07:24 INFO  ApacheHttpClient.sendEvent(470) - responseCode = 200
2018-09-13 13:07:24 INFO  ApacheHttpClient.sendEvent(470) - responseCode = 200
2018-09-13 13:08:24 INFO  ApacheHttpClient.sendEvent(470) - responseCode = 200
2018-09-13 13:08:24 INFO  ApacheHttpClient.sendEvent(470) - responseCode = 200
2018-09-13 13:09:24 INFO  ApacheHttpClient.sendEvent(470) - responseCode = 200
2018-09-13 13:09:24 INFO  ApacheHttpClient.sendEvent(470) - responseCode = 200
2018-09-13 13:10:24 INFO  ApacheHttpClient.sendEvent(470) - responseCode = 200
2018-09-13 13:10:24 INFO  ApacheHttpClient.sendEvent(470) - responseCode = 200
2018-09-13 13:11:24 INFO  ApacheHttpClient.sendEvent(470) - responseCode = 200
2018-09-13 13:11:24 INFO  ApacheHttpClient.sendEvent(470) - responseCode = 200
2018-09-13 13:12:24 INFO  ApacheHttpClient.sendEvent(470) - responseCode = 200
2018-09-13 13:12:24 INFO  ApacheHttpClient.sendEvent(470) - responseCode = 200
2018-09-13 13:13:24 INFO  ApacheHttpClient.sendEvent(470) - responseCode = 200
2018-09-13 13:13:24 INFO  ApacheHttpClient.sendEvent(470) - responseCode = 200
2018-09-13 13:14:24 INFO  ApacheHttpClient.sendEvent(470) - responseCode = 200
2018-09-13 13:14:24 INFO  ApacheHttpClient.sendEvent(470) - responseCode = 200
2018-09-13 13:15:24 INFO  ApacheHttpClient.sendEvent(470) - responseCode = 200
2018-09-13 13:15:24 INFO  ApacheHttpClient.sendEvent(470) - responseCode = 200
2018-09-13 13:16:24 INFO  ApacheHttpClient.sendEvent(470) - responseCode = 200
2018-09-13 13:16:24 INFO  ApacheHttpClient.sendEvent(470) - responseCode = 200
2018-09-13 13:17:24 INFO  ApacheHttpClient.sendEvent(470) - responseCode = 200
2018-09-13 13:17:24 INFO  ApacheHttpClient.sendEvent(470) - responseCode = 200
2018-09-13 13:18:24 INFO  ApacheHttpClient.sendEvent(470) - responseCode = 200
2018-09-13 13:18:24 INFO  ApacheHttpClient.sendEvent(470) - responseCode = 200
2018-09-13 13:19:24 INFO  ApacheHttpClient.sendEvent(470) - responseCode = 200
2018-09-13 13:19:24 INFO  ApacheHttpClient.sendEvent(470) - responseCode = 200
2018-09-13 13:20:24 INFO  ApacheHttpClient.sendEvent(470) - responseCode = 200
2018-09-13 13:20:24 INFO  ApacheHttpClient.sendEvent(470) - responseCode = 200
2018-09-13 13:21:24 INFO  ApacheHttpClient.sendEvent(470) - responseCode = 200
2018-09-13 13:21:24 INFO  ApacheHttpClient.sendEvent(470) - responseCode = 200
2018-09-13 13:22:24 INFO  ApacheHttpClient.sendEvent(470) - responseCode = 200
2018-09-13 13:22:24 INFO  ApacheHttpClient.sendEvent(470) - responseCode = 200
2018-09-13 13:23:24 INFO  ApacheHttpClient.sendEvent(470) - responseCode = 200
2018-09-13 13:23:24 INFO  ApacheHttpClient.sendEvent(470) - responseCode = 200
2018-09-13 13:24:24 INFO  ApacheHttpClient.sendEvent(470) - responseCode = 200
2018-09-13 13:24:24 INFO  ApacheHttpClient.sendEvent(470) - responseCode = 200
2018-09-13 13:25:24 INFO  ApacheHttpClient.sendEvent(470) - responseCode = 200
2018-09-13 13:25:24 INFO  ApacheHttpClient.sendEvent(470) - responseCode = 200
